<?xml version="1.0" encoding="UTF-8"?>
<testsuites>
  <testsuite name="" tests="144" assertions="243" errors="0" warnings="0" failures="0" skipped="0" time="0.386873">
    <testsuite name="ChocoTumac – Suite completa" tests="144" assertions="243" errors="0" warnings="0" failures="0" skipped="0" time="0.386873">
      <testsuite name="GestionClientesTest" file="C:\wamp64\www\chocoTumac\tests\GestionClientesTest.php" tests="18" assertions="28" errors="0" warnings="0" failures="0" skipped="0" time="0.026646">
        <testcase name="CL01_nombreVacio_retornaError" class="GestionClientesTest" classname="GestionClientesTest" file="C:\wamp64\www\chocoTumac\tests\GestionClientesTest.php" line="52" assertions="2" time="0.012720"/>
        <testcase name="CL02_nombreDeUnCaracter_retornaError" class="GestionClientesTest" classname="GestionClientesTest" file="C:\wamp64\www\chocoTumac\tests\GestionClientesTest.php" line="72" assertions="2" time="0.000774"/>
        <testcase name="CL03_tipoDocumentoInvalido_retornaError" class="GestionClientesTest" classname="GestionClientesTest" file="C:\wamp64\www\chocoTumac\tests\GestionClientesTest.php" line="96" assertions="2" time="0.000695"/>
        <testcase name="CL04_numeroDocumentoConLetras_retornaError" class="GestionClientesTest" classname="GestionClientesTest" file="C:\wamp64\www\chocoTumac\tests\GestionClientesTest.php" line="116" assertions="2" time="0.000720"/>
        <testcase name="CL05_digitoVerificacionNIT_conLetra_retornaError" class="GestionClientesTest" classname="GestionClientesTest" file="C:\wamp64\www\chocoTumac\tests\GestionClientesTest.php" line="136" assertions="2" time="0.000504"/>
        <testcase name="CL06_digitoVerificacionNIT_valido_retornaTrue" class="GestionClientesTest" classname="GestionClientesTest" file="C:\wamp64\www\chocoTumac\tests\GestionClientesTest.php" line="156" assertions="1" time="0.003776"/>
        <testcase name="CL07_emailSinArroba_retornaError" class="GestionClientesTest" classname="GestionClientesTest" file="C:\wamp64\www\chocoTumac\tests\GestionClientesTest.php" line="180" assertions="2" time="0.001419"/>
        <testcase name="CL08_emailVacio_esOpcional_pasaValidacion" class="GestionClientesTest" classname="GestionClientesTest" file="C:\wamp64\www\chocoTumac\tests\GestionClientesTest.php" line="199" assertions="1" time="0.000460"/>
        <testcase name="CL09_telefonoDeMenosDe7Digitos_retornaError" class="GestionClientesTest" classname="GestionClientesTest" file="C:\wamp64\www\chocoTumac\tests\GestionClientesTest.php" line="218" assertions="2" time="0.000403"/>
        <testcase name="CL10_telefonoConCaracteresInvalidos_retornaError" class="GestionClientesTest" classname="GestionClientesTest" file="C:\wamp64\www\chocoTumac\tests\GestionClientesTest.php" line="237" assertions="2" time="0.000400"/>
        <testcase name="CL11_todosLosCamposValidos_retornaTrue" class="GestionClientesTest" classname="GestionClientesTest" file="C:\wamp64\www\chocoTumac\tests\GestionClientesTest.php" line="260" assertions="1" time="0.000379"/>
        <testcase name="CL12_crear_nombreVacio_retornaError" class="GestionClientesTest" classname="GestionClientesTest" file="C:\wamp64\www\chocoTumac\tests\GestionClientesTest.php" line="282" assertions="2" time="0.000380"/>
        <testcase name="CL13_crear_datosValidos_retornaTrue" class="GestionClientesTest" classname="GestionClientesTest" file="C:\wamp64\www\chocoTumac\tests\GestionClientesTest.php" line="302" assertions="1" time="0.000420"/>
        <testcase name="CL14_actualizar_emailInvalido_retornaError" class="GestionClientesTest" classname="GestionClientesTest" file="C:\wamp64\www\chocoTumac\tests\GestionClientesTest.php" line="319" assertions="2" time="0.000385"/>
        <testcase name="CL15_actualizar_datosValidos_retornaTrue" class="GestionClientesTest" classname="GestionClientesTest" file="C:\wamp64\www\chocoTumac\tests\GestionClientesTest.php" line="338" assertions="1" time="0.000508"/>
        <testcase name="CL16_eliminar_retornaTrue" class="GestionClientesTest" classname="GestionClientesTest" file="C:\wamp64\www\chocoTumac\tests\GestionClientesTest.php" line="355" assertions="1" time="0.000566"/>
        <testcase name="CL17_obtener_noLanzaExcepcion" class="GestionClientesTest" classname="GestionClientesTest" file="C:\wamp64\www\chocoTumac\tests\GestionClientesTest.php" line="371" assertions="1" time="0.001054"/>
        <testcase name="CL18_obtenerPorId_idInexistente_retornaFalse" class="GestionClientesTest" classname="GestionClientesTest" file="C:\wamp64\www\chocoTumac\tests\GestionClientesTest.php" line="390" assertions="1" time="0.001086"/>
      </testsuite>
      <testsuite name="GestionProveedoresTest" file="C:\wamp64\www\chocoTumac\tests\GestionProveedoresTest.php" tests="17" assertions="27" errors="0" warnings="0" failures="0" skipped="0" time="0.008081">
        <testcase name="PV01_nombreVacio_retornaError" class="GestionProveedoresTest" classname="GestionProveedoresTest" file="C:\wamp64\www\chocoTumac\tests\GestionProveedoresTest.php" line="49" assertions="2" time="0.000483"/>
        <testcase name="PV02_nombreDeUnCaracter_retornaError" class="GestionProveedoresTest" classname="GestionProveedoresTest" file="C:\wamp64\www\chocoTumac\tests\GestionProveedoresTest.php" line="68" assertions="2" time="0.000495"/>
        <testcase name="PV03_tipoProveedorInvalido_retornaError" class="GestionProveedoresTest" classname="GestionProveedoresTest" file="C:\wamp64\www\chocoTumac\tests\GestionProveedoresTest.php" line="92" assertions="2" time="0.000447"/>
        <testcase name="PV04_tipoDocumentoInvalido_retornaError" class="GestionProveedoresTest" classname="GestionProveedoresTest" file="C:\wamp64\www\chocoTumac\tests\GestionProveedoresTest.php" line="115" assertions="2" time="0.000418"/>
        <testcase name="PV05_numeroDocumentoConLetras_retornaError" class="GestionProveedoresTest" classname="GestionProveedoresTest" file="C:\wamp64\www\chocoTumac\tests\GestionProveedoresTest.php" line="134" assertions="2" time="0.000395"/>
        <testcase name="PV06_numeroDocumentoVacio_retornaError" class="GestionProveedoresTest" classname="GestionProveedoresTest" file="C:\wamp64\www\chocoTumac\tests\GestionProveedoresTest.php" line="153" assertions="2" time="0.000502"/>
        <testcase name="PV07_emailInvalido_retornaError" class="GestionProveedoresTest" classname="GestionProveedoresTest" file="C:\wamp64\www\chocoTumac\tests\GestionProveedoresTest.php" line="176" assertions="2" time="0.000642"/>
        <testcase name="PV08_emailVacio_esOpcional_pasaValidacion" class="GestionProveedoresTest" classname="GestionProveedoresTest" file="C:\wamp64\www\chocoTumac\tests\GestionProveedoresTest.php" line="195" assertions="1" time="0.000446"/>
        <testcase name="PV09_telefonoInvalido_retornaError" class="GestionProveedoresTest" classname="GestionProveedoresTest" file="C:\wamp64\www\chocoTumac\tests\GestionProveedoresTest.php" line="213" assertions="2" time="0.000468"/>
        <testcase name="PV10_todosLosCamposValidos_retornaTrue" class="GestionProveedoresTest" classname="GestionProveedoresTest" file="C:\wamp64\www\chocoTumac\tests\GestionProveedoresTest.php" line="236" assertions="1" time="0.000450"/>
        <testcase name="PV11_crear_nombreVacio_retornaError" class="GestionProveedoresTest" classname="GestionProveedoresTest" file="C:\wamp64\www\chocoTumac\tests\GestionProveedoresTest.php" line="253" assertions="2" time="0.000434"/>
        <testcase name="PV12_crear_datosValidos_retornaTrue" class="GestionProveedoresTest" classname="GestionProveedoresTest" file="C:\wamp64\www\chocoTumac\tests\GestionProveedoresTest.php" line="272" assertions="1" time="0.000583"/>
        <testcase name="PV13_actualizar_emailInvalido_retornaError" class="GestionProveedoresTest" classname="GestionProveedoresTest" file="C:\wamp64\www\chocoTumac\tests\GestionProveedoresTest.php" line="289" assertions="2" time="0.000601"/>
        <testcase name="PV14_actualizar_datosValidos_retornaTrue" class="GestionProveedoresTest" classname="GestionProveedoresTest" file="C:\wamp64\www\chocoTumac\tests\GestionProveedoresTest.php" line="308" assertions="1" time="0.000446"/>
        <testcase name="PV15_eliminar_retornaTrue" class="GestionProveedoresTest" classname="GestionProveedoresTest" file="C:\wamp64\www\chocoTumac\tests\GestionProveedoresTest.php" line="325" assertions="1" time="0.000480"/>
        <testcase name="PV16_obtener_noLanzaExcepcion" class="GestionProveedoresTest" classname="GestionProveedoresTest" file="C:\wamp64\www\chocoTumac\tests\GestionProveedoresTest.php" line="339" assertions="1" time="0.000373"/>
        <testcase name="PV17_obtenerPorId_idInexistente_retornaFalse" class="GestionProveedoresTest" classname="GestionProveedoresTest" file="C:\wamp64\www\chocoTumac\tests\GestionProveedoresTest.php" line="356" assertions="1" time="0.000418"/>
      </testsuite>
      <testsuite name="GestionUsuariosTest" file="C:\wamp64\www\chocoTumac\tests\GestionUsuariosTest.php" tests="19" assertions="31" errors="0" warnings="0" failures="0" skipped="0" time="0.284319">
        <testcase name="US01_crear_nombreVacio_retornaError" class="GestionUsuariosTest" classname="GestionUsuariosTest" file="C:\wamp64\www\chocoTumac\tests\GestionUsuariosTest.php" line="48" assertions="2" time="0.000418"/>
        <testcase name="US02_crear_emailInvalido_retornaError" class="GestionUsuariosTest" classname="GestionUsuariosTest" file="C:\wamp64\www\chocoTumac\tests\GestionUsuariosTest.php" line="69" assertions="2" time="0.001320"/>
        <testcase name="US03_crear_contrasenaMuyCorta_retornaError" class="GestionUsuariosTest" classname="GestionUsuariosTest" file="C:\wamp64\www\chocoTumac\tests\GestionUsuariosTest.php" line="88" assertions="2" time="0.000598"/>
        <testcase name="US04_crear_contrasenaSinMayuscula_retornaError" class="GestionUsuariosTest" classname="GestionUsuariosTest" file="C:\wamp64\www\chocoTumac\tests\GestionUsuariosTest.php" line="106" assertions="2" time="0.000431"/>
        <testcase name="US05_crear_contrasenaSinNumero_retornaError" class="GestionUsuariosTest" classname="GestionUsuariosTest" file="C:\wamp64\www\chocoTumac\tests\GestionUsuariosTest.php" line="124" assertions="2" time="0.000502"/>
        <testcase name="US06_crear_rolInvalido_retornaError" class="GestionUsuariosTest" classname="GestionUsuariosTest" file="C:\wamp64\www\chocoTumac\tests\GestionUsuariosTest.php" line="143" assertions="2" time="0.000423"/>
        <testcase name="US07_crear_rolCero_retornaError" class="GestionUsuariosTest" classname="GestionUsuariosTest" file="C:\wamp64\www\chocoTumac\tests\GestionUsuariosTest.php" line="161" assertions="2" time="0.000633"/>
        <testcase name="US08_crear_telefonoInvalido_retornaError" class="GestionUsuariosTest" classname="GestionUsuariosTest" file="C:\wamp64\www\chocoTumac\tests\GestionUsuariosTest.php" line="179" assertions="2" time="0.000457"/>
        <testcase name="US09_crear_datosValidos_noRetornaError" class="GestionUsuariosTest" classname="GestionUsuariosTest" file="C:\wamp64\www\chocoTumac\tests\GestionUsuariosTest.php" line="198" assertions="1" time="0.220295"/>
        <testcase name="US10_login_emailVacio_retornaFalse" class="GestionUsuariosTest" classname="GestionUsuariosTest" file="C:\wamp64\www\chocoTumac\tests\GestionUsuariosTest.php" line="222" assertions="1" time="0.000662"/>
        <testcase name="US11_login_credencialesIncorrectas_retornaFalse" class="GestionUsuariosTest" classname="GestionUsuariosTest" file="C:\wamp64\www\chocoTumac\tests\GestionUsuariosTest.php" line="241" assertions="1" time="0.000758"/>
        <testcase name="US12_actualizar_nombreVacio_retornaError" class="GestionUsuariosTest" classname="GestionUsuariosTest" file="C:\wamp64\www\chocoTumac\tests\GestionUsuariosTest.php" line="263" assertions="2" time="0.000516"/>
        <testcase name="US13_actualizar_emailInvalido_retornaError" class="GestionUsuariosTest" classname="GestionUsuariosTest" file="C:\wamp64\www\chocoTumac\tests\GestionUsuariosTest.php" line="278" assertions="2" time="0.000421"/>
        <testcase name="US14_actualizar_telefonoInvalido_retornaError" class="GestionUsuariosTest" classname="GestionUsuariosTest" file="C:\wamp64\www\chocoTumac\tests\GestionUsuariosTest.php" line="293" assertions="2" time="0.000476"/>
        <testcase name="US15_actualizar_datosValidos_retornaTrue" class="GestionUsuariosTest" classname="GestionUsuariosTest" file="C:\wamp64\www\chocoTumac\tests\GestionUsuariosTest.php" line="309" assertions="1" time="0.000471"/>
        <testcase name="US16_eliminar_retornaTrue" class="GestionUsuariosTest" classname="GestionUsuariosTest" file="C:\wamp64\www\chocoTumac\tests\GestionUsuariosTest.php" line="323" assertions="1" time="0.000368"/>
        <testcase name="US17_actualizarPassword_retornaTrue" class="GestionUsuariosTest" classname="GestionUsuariosTest" file="C:\wamp64\www\chocoTumac\tests\GestionUsuariosTest.php" line="337" assertions="1" time="0.054503"/>
        <testcase name="US18_obtenerPorId_idInexistente_retornaFalse" class="GestionUsuariosTest" classname="GestionUsuariosTest" file="C:\wamp64\www\chocoTumac\tests\GestionUsuariosTest.php" line="354" assertions="1" time="0.000551"/>
        <testcase name="US19_metodosDePasswordExisten" class="GestionUsuariosTest" classname="GestionUsuariosTest" file="C:\wamp64\www\chocoTumac\tests\GestionUsuariosTest.php" line="368" assertions="2" time="0.000515"/>
      </testsuite>
      <testsuite name="GestionInventarioTest" file="C:\wamp64\www\chocoTumac\tests\GestionInventarioTest.php" tests="24" assertions="40" errors="0" warnings="0" failures="0" skipped="0" time="0.029433">
        <testcase name="IN01_nombreVacio_retornaError" class="GestionInventarioTest" classname="GestionInventarioTest" file="C:\wamp64\www\chocoTumac\tests\GestionInventarioTest.php" line="50" assertions="2" time="0.000390"/>
        <testcase name="IN02_nombreDeUnCaracter_retornaError" class="GestionInventarioTest" classname="GestionInventarioTest" file="C:\wamp64\www\chocoTumac\tests\GestionInventarioTest.php" line="69" assertions="2" time="0.000418"/>
        <testcase name="IN03_sinTipoId_retornaError" class="GestionInventarioTest" classname="GestionInventarioTest" file="C:\wamp64\www\chocoTumac\tests\GestionInventarioTest.php" line="88" assertions="2" time="0.000390"/>
        <testcase name="IN04_stockMinimoNegativo_retornaError" class="GestionInventarioTest" classname="GestionInventarioTest" file="C:\wamp64\www\chocoTumac\tests\GestionInventarioTest.php" line="107" assertions="2" time="0.000381"/>
        <testcase name="IN05_precioVentaNegativo_retornaError" class="GestionInventarioTest" classname="GestionInventarioTest" file="C:\wamp64\www\chocoTumac\tests\GestionInventarioTest.php" line="126" assertions="2" time="0.000369"/>
        <testcase name="IN06_crear_tipoValido_stockCero_retornaTrue" class="GestionInventarioTest" classname="GestionInventarioTest" file="C:\wamp64\www\chocoTumac\tests\GestionInventarioTest.php" line="149" assertions="1" time="0.018469"/>
        <testcase name="IN07_crear_presentacionRequerida_vacia_retornaError" class="GestionInventarioTest" classname="GestionInventarioTest" file="C:\wamp64\www\chocoTumac\tests\GestionInventarioTest.php" line="175" assertions="2" time="0.000818"/>
        <testcase name="IN08_crear_stockInicialFraccionario_enProductoUnd_retornaError" class="GestionInventarioTest" classname="GestionInventarioTest" file="C:\wamp64\www\chocoTumac\tests\GestionInventarioTest.php" line="202" assertions="2" time="0.000638"/>
        <testcase name="IN09_actualizar_sinNombre_retornaError" class="GestionInventarioTest" classname="GestionInventarioTest" file="C:\wamp64\www\chocoTumac\tests\GestionInventarioTest.php" line="229" assertions="2" time="0.000442"/>
        <testcase name="IN10_ajusteInicial_cantidadNoNumerica_retornaError" class="GestionInventarioTest" classname="GestionInventarioTest" file="C:\wamp64\www\chocoTumac\tests\GestionInventarioTest.php" line="252" assertions="2" time="0.000450"/>
        <testcase name="IN11_ajusteInicial_cantidadNegativa_retornaError" class="GestionInventarioTest" classname="GestionInventarioTest" file="C:\wamp64\www\chocoTumac\tests\GestionInventarioTest.php" line="267" assertions="2" time="0.000471"/>
        <testcase name="IN12_ajusteInicial_productoInexistente_retornaError" class="GestionInventarioTest" classname="GestionInventarioTest" file="C:\wamp64\www\chocoTumac\tests\GestionInventarioTest.php" line="283" assertions="2" time="0.000681"/>
        <testcase name="IN13_ajusteInicial_productoExistente_retornaTrue" class="GestionInventarioTest" classname="GestionInventarioTest" file="C:\wamp64\www\chocoTumac\tests\GestionInventarioTest.php" line="298" assertions="1" time="0.000778"/>
        <testcase name="IN14_incrementarStock_productoInexistente_retornaFalse" class="GestionInventarioTest" classname="GestionInventarioTest" file="C:\wamp64\www\chocoTumac\tests\GestionInventarioTest.php" line="324" assertions="1" time="0.000378"/>
        <testcase name="IN15_incrementarStock_productoExistente_retornaTrue" class="GestionInventarioTest" classname="GestionInventarioTest" file="C:\wamp64\www\chocoTumac\tests\GestionInventarioTest.php" line="338" assertions="1" time="0.000496"/>
        <testcase name="IN16_decrementarStock_productoInexistente_retornaError" class="GestionInventarioTest" classname="GestionInventarioTest" file="C:\wamp64\www\chocoTumac\tests\GestionInventarioTest.php" line="360" assertions="2" time="0.000365"/>
        <testcase name="IN17_decrementarStock_stockInsuficiente_retornaError" class="GestionInventarioTest" classname="GestionInventarioTest" file="C:\wamp64\www\chocoTumac\tests\GestionInventarioTest.php" line="376" assertions="2" time="0.000481"/>
        <testcase name="IN18_decrementarStock_stockSuficiente_retornaTrue" class="GestionInventarioTest" classname="GestionInventarioTest" file="C:\wamp64\www\chocoTumac\tests\GestionInventarioTest.php" line="399" assertions="1" time="0.000467"/>
        <testcase name="IN19_obtenerMovimientos_sinFiltro_retornaArray" class="GestionInventarioTest" classname="GestionInventarioTest" file="C:\wamp64\www\chocoTumac\tests\GestionInventarioTest.php" line="425" assertions="1" time="0.000340"/>
        <testcase name="IN20_obtenerMovimientos_conProductoId_retornaArray" class="GestionInventarioTest" classname="GestionInventarioTest" file="C:\wamp64\www\chocoTumac\tests\GestionInventarioTest.php" line="439" assertions="1" time="0.000509"/>
        <testcase name="IN21_obtener_retornaArray" class="GestionInventarioTest" classname="GestionInventarioTest" file="C:\wamp64\www\chocoTumac\tests\GestionInventarioTest.php" line="453" assertions="1" time="0.000442"/>
        <testcase name="IN22_obtenerActivos_retornaArray" class="GestionInventarioTest" classname="GestionInventarioTest" file="C:\wamp64\www\chocoTumac\tests\GestionInventarioTest.php" line="467" assertions="1" time="0.000456"/>
        <testcase name="IN23_obtenerPorId_idInexistente_retornaFalse" class="GestionInventarioTest" classname="GestionInventarioTest" file="C:\wamp64\www\chocoTumac\tests\GestionInventarioTest.php" line="481" assertions="1" time="0.000426"/>
        <testcase name="IN24_metodosDeInventarioExisten" class="GestionInventarioTest" classname="GestionInventarioTest" file="C:\wamp64\www\chocoTumac\tests\GestionInventarioTest.php" line="495" assertions="4" time="0.000377"/>
      </testsuite>
      <testsuite name="GestionComprasTest" file="C:\wamp64\www\chocoTumac\tests\GestionComprasTest.php" tests="22" assertions="37" errors="0" warnings="0" failures="0" skipped="0" time="0.016149">
        <testcase name="CP01_sinProveedorId_retornaError" class="GestionComprasTest" classname="GestionComprasTest" file="C:\wamp64\www\chocoTumac\tests\GestionComprasTest.php" line="49" assertions="2" time="0.001722"/>
        <testcase name="CP02_proveedorIdNoNumerico_retornaError" class="GestionComprasTest" classname="GestionComprasTest" file="C:\wamp64\www\chocoTumac\tests\GestionComprasTest.php" line="68" assertions="2" time="0.000404"/>
        <testcase name="CP03_sinProductoId_retornaError" class="GestionComprasTest" classname="GestionComprasTest" file="C:\wamp64\www\chocoTumac\tests\GestionComprasTest.php" line="87" assertions="2" time="0.000381"/>
        <testcase name="CP04_fechaVacia_retornaError" class="GestionComprasTest" classname="GestionComprasTest" file="C:\wamp64\www\chocoTumac\tests\GestionComprasTest.php" line="106" assertions="2" time="0.000382"/>
        <testcase name="CP05_fechaConFormatoInvalido_retornaError" class="GestionComprasTest" classname="GestionComprasTest" file="C:\wamp64\www\chocoTumac\tests\GestionComprasTest.php" line="125" assertions="2" time="0.001155"/>
        <testcase name="CP06_cantidadCero_retornaError" class="GestionComprasTest" classname="GestionComprasTest" file="C:\wamp64\www\chocoTumac\tests\GestionComprasTest.php" line="145" assertions="2" time="0.000411"/>
        <testcase name="CP07_cantidadNegativa_retornaError" class="GestionComprasTest" classname="GestionComprasTest" file="C:\wamp64\www\chocoTumac\tests\GestionComprasTest.php" line="164" assertions="2" time="0.000387"/>
        <testcase name="CP08_cantidadConTexto_retornaError" class="GestionComprasTest" classname="GestionComprasTest" file="C:\wamp64\www\chocoTumac\tests\GestionComprasTest.php" line="183" assertions="2" time="0.000381"/>
        <testcase name="CP09_precioUnitarioCero_retornaError" class="GestionComprasTest" classname="GestionComprasTest" file="C:\wamp64\www\chocoTumac\tests\GestionComprasTest.php" line="202" assertions="2" time="0.000718"/>
        <testcase name="CP10_precioNegativo_retornaError" class="GestionComprasTest" classname="GestionComprasTest" file="C:\wamp64\www\chocoTumac\tests\GestionComprasTest.php" line="221" assertions="2" time="0.000519"/>
        <testcase name="CP11_todosLosCamposValidos_retornaTrue" class="GestionComprasTest" classname="GestionComprasTest" file="C:\wamp64\www\chocoTumac\tests\GestionComprasTest.php" line="240" assertions="1" time="0.000440"/>
        <testcase name="CP12_cantidadFraccionaria_sinProductoEnBD_retornaTrue" class="GestionComprasTest" classname="GestionComprasTest" file="C:\wamp64\www\chocoTumac\tests\GestionComprasTest.php" line="270" assertions="1" time="0.000424"/>
        <testcase name="CP13_cantidadFraccionaria_enProductoKg_esValida" class="GestionComprasTest" classname="GestionComprasTest" file="C:\wamp64\www\chocoTumac\tests\GestionComprasTest.php" line="288" assertions="1" time="0.003096"/>
        <testcase name="CP14_sinProductoId_validacionUnidadPasa" class="GestionComprasTest" classname="GestionComprasTest" file="C:\wamp64\www\chocoTumac\tests\GestionComprasTest.php" line="311" assertions="1" time="0.000409"/>
        <testcase name="CP15_crear_fechaVacia_retornaError" class="GestionComprasTest" classname="GestionComprasTest" file="C:\wamp64\www\chocoTumac\tests\GestionComprasTest.php" line="332" assertions="2" time="0.000400"/>
        <testcase name="CP16_crear_productoNoExiste_retornaError" class="GestionComprasTest" classname="GestionComprasTest" file="C:\wamp64\www\chocoTumac\tests\GestionComprasTest.php" line="351" assertions="2" time="0.001061"/>
        <testcase name="CP17_crear_datosValidos_retornaTrue" class="GestionComprasTest" classname="GestionComprasTest" file="C:\wamp64\www\chocoTumac\tests\GestionComprasTest.php" line="374" assertions="1" time="0.001210"/>
        <testcase name="CP18_crear_incrementoStockFalla_retornaError" class="GestionComprasTest" classname="GestionComprasTest" file="C:\wamp64\www\chocoTumac\tests\GestionComprasTest.php" line="400" assertions="2" time="0.000796"/>
        <testcase name="CP19_eliminar_idInexistente_retornaError" class="GestionComprasTest" classname="GestionComprasTest" file="C:\wamp64\www\chocoTumac\tests\GestionComprasTest.php" line="430" assertions="2" time="0.000628"/>
        <testcase name="CP20_eliminar_compraInexistente_retornaError" class="GestionComprasTest" classname="GestionComprasTest" file="C:\wamp64\www\chocoTumac\tests\GestionComprasTest.php" line="449" assertions="2" time="0.000495"/>
        <testcase name="CP21_obtener_retornaArray" class="GestionComprasTest" classname="GestionComprasTest" file="C:\wamp64\www\chocoTumac\tests\GestionComprasTest.php" line="468" assertions="1" time="0.000371"/>
        <testcase name="CP22_obtenerPorId_idInexistente_retornaFalse" class="GestionComprasTest" classname="GestionComprasTest" file="C:\wamp64\www\chocoTumac\tests\GestionComprasTest.php" line="482" assertions="1" time="0.000359"/>
      </testsuite>
      <testsuite name="GestionVentasTest" file="C:\wamp64\www\chocoTumac\tests\GestionVentasTest.php" tests="25" assertions="41" errors="0" warnings="0" failures="0" skipped="0" time="0.013861">
        <testcase name="VT01_clienteRegistrado_sinId_retornaError" class="GestionVentasTest" classname="GestionVentasTest" file="C:\wamp64\www\chocoTumac\tests\GestionVentasTest.php" line="51" assertions="2" time="0.000403"/>
        <testcase name="VT02_clienteOcasional_sinId_retornaTrue" class="GestionVentasTest" classname="GestionVentasTest" file="C:\wamp64\www\chocoTumac\tests\GestionVentasTest.php" line="72" assertions="1" time="0.000372"/>
        <testcase name="VT03_clienteRegistrado_conId_retornaTrue" class="GestionVentasTest" classname="GestionVentasTest" file="C:\wamp64\www\chocoTumac\tests\GestionVentasTest.php" line="91" assertions="1" time="0.000430"/>
        <testcase name="VT04_sinProductoId_retornaError" class="GestionVentasTest" classname="GestionVentasTest" file="C:\wamp64\www\chocoTumac\tests\GestionVentasTest.php" line="114" assertions="2" time="0.000390"/>
        <testcase name="VT05_fechaVacia_retornaError" class="GestionVentasTest" classname="GestionVentasTest" file="C:\wamp64\www\chocoTumac\tests\GestionVentasTest.php" line="133" assertions="2" time="0.000389"/>
        <testcase name="VT06_fechaConFormatoInvalido_retornaError" class="GestionVentasTest" classname="GestionVentasTest" file="C:\wamp64\www\chocoTumac\tests\GestionVentasTest.php" line="153" assertions="2" time="0.000410"/>
        <testcase name="VT07_cantidadCero_retornaError" class="GestionVentasTest" classname="GestionVentasTest" file="C:\wamp64\www\chocoTumac\tests\GestionVentasTest.php" line="172" assertions="2" time="0.000394"/>
        <testcase name="VT08_cantidadNegativa_retornaError" class="GestionVentasTest" classname="GestionVentasTest" file="C:\wamp64\www\chocoTumac\tests\GestionVentasTest.php" line="191" assertions="2" time="0.000429"/>
        <testcase name="VT09_cantidadConTexto_retornaError" class="GestionVentasTest" classname="GestionVentasTest" file="C:\wamp64\www\chocoTumac\tests\GestionVentasTest.php" line="210" assertions="2" time="0.000391"/>
        <testcase name="VT10_precioUnitarioCero_retornaError" class="GestionVentasTest" classname="GestionVentasTest" file="C:\wamp64\www\chocoTumac\tests\GestionVentasTest.php" line="229" assertions="2" time="0.000408"/>
        <testcase name="VT11_precioNegativo_retornaError" class="GestionVentasTest" classname="GestionVentasTest" file="C:\wamp64\www\chocoTumac\tests\GestionVentasTest.php" line="248" assertions="2" time="0.000765"/>
        <testcase name="VT12_todosLosCamposValidos_retornaTrue" class="GestionVentasTest" classname="GestionVentasTest" file="C:\wamp64\www\chocoTumac\tests\GestionVentasTest.php" line="267" assertions="1" time="0.000475"/>
        <testcase name="VT13_cantidadFraccionaria_enProductoUnd_retornaError" class="GestionVentasTest" classname="GestionVentasTest" file="C:\wamp64\www\chocoTumac\tests\GestionVentasTest.php" line="288" assertions="2" time="0.000622"/>
        <testcase name="VT14_cantidadEntera_enProductoUnd_retornaTrue" class="GestionVentasTest" classname="GestionVentasTest" file="C:\wamp64\www\chocoTumac\tests\GestionVentasTest.php" line="312" assertions="1" time="0.000605"/>
        <testcase name="VT15_cantidadFraccionaria_enProductoKg_esValida" class="GestionVentasTest" classname="GestionVentasTest" file="C:\wamp64\www\chocoTumac\tests\GestionVentasTest.php" line="335" assertions="1" time="0.000616"/>
        <testcase name="VT16_crear_fechaVacia_retornaError" class="GestionVentasTest" classname="GestionVentasTest" file="C:\wamp64\www\chocoTumac\tests\GestionVentasTest.php" line="362" assertions="2" time="0.000421"/>
        <testcase name="VT17_crear_productoNoExiste_retornaError" class="GestionVentasTest" classname="GestionVentasTest" file="C:\wamp64\www\chocoTumac\tests\GestionVentasTest.php" line="381" assertions="2" time="0.000636"/>
        <testcase name="VT18_crear_stockInsuficiente_retornaError" class="GestionVentasTest" classname="GestionVentasTest" file="C:\wamp64\www\chocoTumac\tests\GestionVentasTest.php" line="402" assertions="2" time="0.000913"/>
        <testcase name="VT19_crear_decrementoStockFalla_retornaError" class="GestionVentasTest" classname="GestionVentasTest" file="C:\wamp64\www\chocoTumac\tests\GestionVentasTest.php" line="428" assertions="2" time="0.000813"/>
        <testcase name="VT20_crear_clienteOcasional_conStock_retornaId" class="GestionVentasTest" classname="GestionVentasTest" file="C:\wamp64\www\chocoTumac\tests\GestionVentasTest.php" line="452" assertions="1" time="0.000775"/>
        <testcase name="VT21_crear_clienteOcasional_sinNombre_usaNombreGeneral" class="GestionVentasTest" classname="GestionVentasTest" file="C:\wamp64\www\chocoTumac\tests\GestionVentasTest.php" line="479" assertions="1" time="0.000775"/>
        <testcase name="VT22_eliminar_idInexistente_retornaError" class="GestionVentasTest" classname="GestionVentasTest" file="C:\wamp64\www\chocoTumac\tests\GestionVentasTest.php" line="510" assertions="2" time="0.001047"/>
        <testcase name="VT23_eliminar_ventaInexistente_retornaError" class="GestionVentasTest" classname="GestionVentasTest" file="C:\wamp64\www\chocoTumac\tests\GestionVentasTest.php" line="529" assertions="2" time="0.000657"/>
        <testcase name="VT24_obtener_retornaArray" class="GestionVentasTest" classname="GestionVentasTest" file="C:\wamp64\www\chocoTumac\tests\GestionVentasTest.php" line="548" assertions="1" time="0.000370"/>
        <testcase name="VT25_obtenerPorId_idInexistente_retornaFalse" class="GestionVentasTest" classname="GestionVentasTest" file="C:\wamp64\www\chocoTumac\tests\GestionVentasTest.php" line="562" assertions="1" time="0.000354"/>
      </testsuite>
      <testsuite name="GeneracionReportesTest" file="C:\wamp64\www\chocoTumac\tests\GeneracionReportesTest.php" tests="19" assertions="39" errors="0" warnings="0" failures="0" skipped="0" time="0.008385">
        <testcase name="RE01_ventas_sinFiltros_retornaArray" class="GeneracionReportesTest" classname="GeneracionReportesTest" file="C:\wamp64\www\chocoTumac\tests\GeneracionReportesTest.php" line="55" assertions="1" time="0.000388"/>
        <testcase name="RE02_ventas_conFiltroFecha_retornaArray" class="GeneracionReportesTest" classname="GeneracionReportesTest" file="C:\wamp64\www\chocoTumac\tests\GeneracionReportesTest.php" line="69" assertions="1" time="0.000372"/>
        <testcase name="RE03_ventas_conClienteId_retornaArray" class="GeneracionReportesTest" classname="GeneracionReportesTest" file="C:\wamp64\www\chocoTumac\tests\GeneracionReportesTest.php" line="87" assertions="1" time="0.000369"/>
        <testcase name="RE04_ventas_conBusquedaTexto_retornaArray" class="GeneracionReportesTest" classname="GeneracionReportesTest" file="C:\wamp64\www\chocoTumac\tests\GeneracionReportesTest.php" line="101" assertions="1" time="0.000361"/>
        <testcase name="RE05_ventas_conTodosLosFiltros_retornaArray" class="GeneracionReportesTest" classname="GeneracionReportesTest" file="C:\wamp64\www\chocoTumac\tests\GeneracionReportesTest.php" line="115" assertions="1" time="0.000406"/>
        <testcase name="RE06_totalesVentas_retornaArrayConClavesKPI" class="GeneracionReportesTest" classname="GeneracionReportesTest" file="C:\wamp64\www\chocoTumac\tests\GeneracionReportesTest.php" line="134" assertions="7" time="0.001156"/>
        <testcase name="RE07_totalesVentas_conClienteId_retornaArrayConClaves" class="GeneracionReportesTest" classname="GeneracionReportesTest" file="C:\wamp64\www\chocoTumac\tests\GeneracionReportesTest.php" line="159" assertions="2" time="0.000421"/>
        <testcase name="RE08_compras_sinFiltros_retornaArray" class="GeneracionReportesTest" classname="GeneracionReportesTest" file="C:\wamp64\www\chocoTumac\tests\GeneracionReportesTest.php" line="178" assertions="1" time="0.000379"/>
        <testcase name="RE09_compras_conProveedorId_retornaArray" class="GeneracionReportesTest" classname="GeneracionReportesTest" file="C:\wamp64\www\chocoTumac\tests\GeneracionReportesTest.php" line="192" assertions="1" time="0.000375"/>
        <testcase name="RE10_compras_conBusquedaTexto_retornaArray" class="GeneracionReportesTest" classname="GeneracionReportesTest" file="C:\wamp64\www\chocoTumac\tests\GeneracionReportesTest.php" line="206" assertions="1" time="0.000525"/>
        <testcase name="RE11_compras_conTodosLosFiltros_retornaArray" class="GeneracionReportesTest" classname="GeneracionReportesTest" file="C:\wamp64\www\chocoTumac\tests\GeneracionReportesTest.php" line="220" assertions="1" time="0.000517"/>
        <testcase name="RE12_totalesCompras_retornaArrayConClavesKPI" class="GeneracionReportesTest" classname="GeneracionReportesTest" file="C:\wamp64\www\chocoTumac\tests\GeneracionReportesTest.php" line="238" assertions="5" time="0.000489"/>
        <testcase name="RE13_totalesCompras_conFiltros_retornaArrayConClaves" class="GeneracionReportesTest" classname="GeneracionReportesTest" file="C:\wamp64\www\chocoTumac\tests\GeneracionReportesTest.php" line="261" assertions="2" time="0.000398"/>
        <testcase name="RE14_inventario_sinFiltros_retornaArray" class="GeneracionReportesTest" classname="GeneracionReportesTest" file="C:\wamp64\www\chocoTumac\tests\GeneracionReportesTest.php" line="280" assertions="1" time="0.000380"/>
        <testcase name="RE15_inventario_conBusquedaNombre_retornaArray" class="GeneracionReportesTest" classname="GeneracionReportesTest" file="C:\wamp64\www\chocoTumac\tests\GeneracionReportesTest.php" line="294" assertions="1" time="0.000352"/>
        <testcase name="RE16_productosMasVendidos_retornaArray" class="GeneracionReportesTest" classname="GeneracionReportesTest" file="C:\wamp64\www\chocoTumac\tests\GeneracionReportesTest.php" line="312" assertions="1" time="0.000355"/>
        <testcase name="RE17_listaClientes_retornaArray" class="GeneracionReportesTest" classname="GeneracionReportesTest" file="C:\wamp64\www\chocoTumac\tests\GeneracionReportesTest.php" line="326" assertions="1" time="0.000342"/>
        <testcase name="RE18_listaProveedores_retornaArray" class="GeneracionReportesTest" classname="GeneracionReportesTest" file="C:\wamp64\www\chocoTumac\tests\GeneracionReportesTest.php" line="340" assertions="1" time="0.000355"/>
        <testcase name="RE19_resumenGeneral_retornaOchoKPIsDelNegocio" class="GeneracionReportesTest" classname="GeneracionReportesTest" file="C:\wamp64\www\chocoTumac\tests\GeneracionReportesTest.php" line="360" assertions="9" time="0.000444"/>
      </testsuite>
    </testsuite>
  </testsuite>
</testsuites>
